This is pdfTeX, Version 3.14159265-2.6-1.40.21 (TeX Live 2020/W32TeX) (preloaded format=pdflatex 2020.8.27)  3 SEP 2020 18:41
entering extended mode
 restricted \write18 enabled.
 %&-line parsing enabled.
**knitr_lab_ClassVersion-vincent.tex
(./knitr_lab_ClassVersion-vincent.tex
LaTeX2e <2020-02-02> patch level 5
L3 programming layer <2020-08-07>
(c:/Users/Kristine Dinh/AppData/Roaming/TinyTeX/texmf-dist/tex/latex/base/artic
le.cls
Document Class: article 2019/12/20 v1.4l Standard LaTeX document class

(c:/Users/Kristine Dinh/AppData/Roaming/TinyTeX/texmf-dist/tex/latex/base/size1
0.clo
File: size10.clo 2019/12/20 v1.4l Standard LaTeX file (size option)
)
\c@part=\count168
\c@section=\count169
\c@subsection=\count170
\c@subsubsection=\count171
\c@paragraph=\count172
\c@subparagraph=\count173
\c@figure=\count174
\c@table=\count175
\abovecaptionskip=\skip47
\belowcaptionskip=\skip48
\bibindent=\dimen134
)
(c:/Users/Kristine Dinh/AppData/Roaming/TinyTeX/texmf-dist/tex/latex/graphics/g
raphicx.sty
Package: graphicx 2019/11/30 v1.2a Enhanced LaTeX Graphics (DPC,SPQR)

(c:/Users/Kristine Dinh/AppData/Roaming/TinyTeX/texmf-dist/tex/latex/graphics/k
eyval.sty
Package: keyval 2014/10/28 v1.15 key=value parser (DPC)
\KV@toks@=\toks15
)
(c:/Users/Kristine Dinh/AppData/Roaming/TinyTeX/texmf-dist/tex/latex/graphics/g
raphics.sty
Package: graphics 2019/11/30 v1.4a Standard LaTeX Graphics (DPC,SPQR)

(c:/Users/Kristine Dinh/AppData/Roaming/TinyTeX/texmf-dist/tex/latex/graphics/t
rig.sty
Package: trig 2016/01/03 v1.10 sin cos tan (DPC)
)
(c:/Users/Kristine Dinh/AppData/Roaming/TinyTeX/texmf-dist/tex/latex/graphics-c
fg/graphics.cfg
File: graphics.cfg 2016/06/04 v1.11 sample graphics configuration
)
Package graphics Info: Driver file: pdftex.def on input line 105.

(c:/Users/Kristine Dinh/AppData/Roaming/TinyTeX/texmf-dist/tex/latex/graphics-d
ef/pdftex.def
File: pdftex.def 2018/01/08 v1.0l Graphics/color driver for pdftex
))
\Gin@req@height=\dimen135
\Gin@req@width=\dimen136
)
(c:/Users/Kristine Dinh/AppData/Roaming/TinyTeX/texmf-dist/tex/latex/graphics/c
olor.sty
Package: color 2019/11/23 v1.2a Standard LaTeX Color (DPC)

(c:/Users/Kristine Dinh/AppData/Roaming/TinyTeX/texmf-dist/tex/latex/graphics-c
fg/color.cfg
File: color.cfg 2016/01/02 v1.6 sample color configuration
)
Package color Info: Driver file: pdftex.def on input line 147.
)
(c:/Users/Kristine Dinh/AppData/Roaming/TinyTeX/texmf-dist/tex/latex/framed/fra
med.sty
Package: framed 2011/10/22 v 0.96: framed or shaded text with page breaks
\OuterFrameSep=\skip49
\fb@frw=\dimen137
\fb@frh=\dimen138
\FrameRule=\dimen139
\FrameSep=\dimen140
)
(c:/Users/Kristine Dinh/AppData/Roaming/TinyTeX/texmf-dist/tex/latex/base/alltt
.sty
Package: alltt 1997/06/16 v2.0g defines alltt environment
)
(c:/Users/Kristine Dinh/AppData/Roaming/TinyTeX/texmf-dist/tex/latex/graphics/r
otating.sty
Package: rotating 2016/08/11 v2.16d rotated objects in LaTeX

(c:/Users/Kristine Dinh/AppData/Roaming/TinyTeX/texmf-dist/tex/latex/base/ifthe
n.sty
Package: ifthen 2014/09/29 v1.1c Standard LaTeX ifthen package (DPC)
)
\c@r@tfl@t=\count176
\rotFPtop=\skip50
\rotFPbot=\skip51
\rot@float@box=\box45
\rot@mess@toks=\toks16
)
(c:/Users/Kristine Dinh/AppData/Roaming/TinyTeX/texmf-dist/tex/latex/base/latex
sym.sty
Package: latexsym 1998/08/17 v2.2e Standard LaTeX package (lasy symbols)
\symlasy=\mathgroup4
LaTeX Font Info:    Overwriting symbol font `lasy' in version `bold'
(Font)                  U/lasy/m/n --> U/lasy/b/n on input line 52.
)

! LaTeX Error: File `listings.sty' not found.

Type X to quit or <RETURN> to proceed,
or enter new name. (Default extension: sty)

Enter file name: 
! Emergency stop.
<read *> 
         
l.75 ^^M
        
*** (cannot \read from terminal in nonstop modes)

 
Here is how much of TeX's memory you used:
 877 strings out of 482841
 12275 string characters out of 5954362
 244976 words of memory out of 5000000
 16286 multiletter control sequences out of 15000+600000
 535088 words of font info for 29 fonts, out of 8000000 for 9000
 14 hyphenation exceptions out of 8191
 36i,0n,33p,273b,36s stack positions out of 5000i,500n,10000p,200000b,80000s
!  ==> Fatal error occurred, no output PDF file produced!
